[0.015s] Invoking command in '/home/ros/multi_robot_ws/build/multi_robot_launcher': DEBUGINFOD_URLS=https://debuginfod.ubuntu.com /usr/bin/cmake /home/ros/multi_robot_ws/src/multi_robot_launcher -DCMAKE_INSTALL_PREFIX=/home/ros/multi_robot_ws/install/multi_robot_launcher
[0.176s] -- The C compiler identification is GNU 13.3.0
[0.292s] -- The CXX compiler identification is GNU 13.3.0
[0.317s] -- Detecting C compiler ABI info
[0.385s] -- Detecting C compiler ABI info - done
[0.390s] -- Check for working C compiler: /usr/bin/cc - skipped
[0.392s] -- Detecting C compile features
[0.392s] -- Detecting C compile features - done
[0.400s] -- Detecting CXX compiler ABI info
[0.464s] -- Detecting CXX compiler ABI info - done
[0.470s] -- Check for working CXX compiler: /usr/bin/c++ - skipped
[0.470s] -- Detecting CXX compile features
[0.470s] -- Detecting CXX compile features - done
[0.474s] -- Found ament_cmake: 2.5.3 (/opt/ros/jazzy/share/ament_cmake/cmake)
[0.581s] -- Found Python3: /usr/bin/python3 (found version "3.12.3") found components: Interpreter 
[0.736s] Error parsing '/home/ros/multi_robot_ws/src/multi_robot_launcher/package.xml':
[2.317s] Traceback (most recent call last):
[2.317s]   File "/opt/ros/jazzy/share/ament_cmake_core/cmake/core/package_xml_2_cmake.py", line 150, in <module>
[2.317s]     main()
[2.317s]   File "/opt/ros/jazzy/share/ament_cmake_core/cmake/core/package_xml_2_cmake.py", line 53, in main
[2.317s]     raise e
[2.317s]   File "/opt/ros/jazzy/share/ament_cmake_core/cmake/core/package_xml_2_cmake.py", line 49, in main
[2.317s]     package = parse_package_string(
[2.317s]               ^^^^^^^^^^^^^^^^^^^^^
[2.317s]   File "/usr/lib/python3/dist-packages/catkin_pkg/package.py", line 788, in parse_package_string
[2.317s]     pkg.validate(warnings=warnings)
[2.317s]   File "/usr/lib/python3/dist-packages/catkin_pkg/package.py", line 330, in validate
[2.317s]     raise InvalidPackage('\n'.join(errors), self.filename)
[2.317s] catkin_pkg.package.InvalidPackage: Error(s) in package '/home/ros/multi_robot_ws/src/multi_robot_launcher/package.xml':
[2.317s] Invalid email "shuaibuoluwatunmise.com" for person "Oluwatunmise"
[2.348s] [31mCMake Error at /opt/ros/jazzy/share/ament_cmake_core/cmake/core/ament_package_xml.cmake:95 (message):
[2.348s]   execute_process(/usr/bin/python3
[2.348s]   /opt/ros/jazzy/share/ament_cmake_core/cmake/core/package_xml_2_cmake.py
[2.348s]   /home/ros/multi_robot_ws/src/multi_robot_launcher/package.xml
[2.348s]   /home/ros/multi_robot_ws/build/multi_robot_launcher/ament_cmake_core/package.cmake)
[2.348s]   returned error code 1
[2.348s] Call Stack (most recent call first):
[2.348s]   /opt/ros/jazzy/share/ament_cmake_core/cmake/core/ament_package_xml.cmake:49 (_ament_package_xml)
[2.348s]   /opt/ros/jazzy/share/ament_cmake_core/cmake/core/ament_package.cmake:63 (ament_package_xml)
[2.348s]   CMakeLists.txt:10 (ament_package)
[2.348s] 
[2.348s] [0m
[2.348s] -- Configuring incomplete, errors occurred!
[2.352s] Invoked command in '/home/ros/multi_robot_ws/build/multi_robot_launcher' returned '1': DEBUGINFOD_URLS=https://debuginfod.ubuntu.com /usr/bin/cmake /home/ros/multi_robot_ws/src/multi_robot_launcher -DCMAKE_INSTALL_PREFIX=/home/ros/multi_robot_ws/install/multi_robot_launcher
