-- Install configuration: ""
-- Up-to-date: /home/ros/multi_robot_ws/install/multi_robot_launcher/share/multi_robot_launcher//launch
-- Installing: /home/ros/multi_robot_ws/install/multi_robot_launcher/share/multi_robot_launcher//launch/log
-- Installing: /home/ros/multi_robot_ws/install/multi_robot_launcher/share/multi_robot_launcher//launch/log/build_2025-08-11_15-49-00
-- Installing: /home/ros/multi_robot_ws/install/multi_robot_launcher/share/multi_robot_launcher//launch/log/build_2025-08-11_15-49-00/events.log
-- Installing: /home/ros/multi_robot_ws/install/multi_robot_launcher/share/multi_robot_launcher//launch/log/build_2025-08-11_15-49-00/logger_all.log
-- Installing: /home/ros/multi_robot_ws/install/multi_robot_launcher/share/multi_robot_launcher//launch/log/COLCON_IGNORE
-- Installing: /home/ros/multi_robot_ws/install/multi_robot_launcher/share/multi_robot_launcher//launch/log/latest
-- Installing: /home/ros/multi_robot_ws/install/multi_robot_launcher/share/multi_robot_launcher//launch/log/latest_build
-- Installing: /home/ros/multi_robot_ws/install/multi_robot_launcher/share/multi_robot_launcher//launch/install
-- Installing: /home/ros/multi_robot_ws/install/multi_robot_launcher/share/multi_robot_launcher//launch/install/setup.sh
-- Installing: /home/ros/multi_robot_ws/install/multi_robot_launcher/share/multi_robot_launcher//launch/install/setup.bash
-- Installing: /home/ros/multi_robot_ws/install/multi_robot_launcher/share/multi_robot_launcher//launch/install/.colcon_install_layout
-- Installing: /home/ros/multi_robot_ws/install/multi_robot_launcher/share/multi_robot_launcher//launch/install/_local_setup_util_sh.py
-- Installing: /home/ros/multi_robot_ws/install/multi_robot_launcher/share/multi_robot_launcher//launch/install/local_setup.sh
-- Installing: /home/ros/multi_robot_ws/install/multi_robot_launcher/share/multi_robot_launcher//launch/install/local_setup.zsh
-- Installing: /home/ros/multi_robot_ws/install/multi_robot_launcher/share/multi_robot_launcher//launch/install/COLCON_IGNORE
-- Installing: /home/ros/multi_robot_ws/install/multi_robot_launcher/share/multi_robot_launcher//launch/install/local_setup.ps1
-- Installing: /home/ros/multi_robot_ws/install/multi_robot_launcher/share/multi_robot_launcher//launch/install/setup.zsh
-- Installing: /home/ros/multi_robot_ws/install/multi_robot_launcher/share/multi_robot_launcher//launch/install/_local_setup_util_ps1.py
-- Installing: /home/ros/multi_robot_ws/install/multi_robot_launcher/share/multi_robot_launcher//launch/install/setup.ps1
-- Installing: /home/ros/multi_robot_ws/install/multi_robot_launcher/share/multi_robot_launcher//launch/install/local_setup.bash
-- Installing: /home/ros/multi_robot_ws/install/multi_robot_launcher/share/multi_robot_launcher//launch/build
-- Installing: /home/ros/multi_robot_ws/install/multi_robot_launcher/share/multi_robot_launcher//launch/build/COLCON_IGNORE
-- Installing: /home/ros/multi_robot_ws/install/multi_robot_launcher/share/multi_robot_launcher//launch/build/.built_by
-- Up-to-date: /home/ros/multi_robot_ws/install/multi_robot_launcher/share/multi_robot_launcher//launch/multi_robot_slam.launch.py
-- Up-to-date: /home/ros/multi_robot_ws/install/multi_robot_launcher/share/ament_index/resource_index/package_run_dependencies/multi_robot_launcher
-- Up-to-date: /home/ros/multi_robot_ws/install/multi_robot_launcher/share/ament_index/resource_index/parent_prefix_path/multi_robot_launcher
-- Up-to-date: /home/ros/multi_robot_ws/install/multi_robot_launcher/share/multi_robot_launcher/environment/ament_prefix_path.sh
-- Up-to-date: /home/ros/multi_robot_ws/install/multi_robot_launcher/share/multi_robot_launcher/environment/ament_prefix_path.dsv
-- Up-to-date: /home/ros/multi_robot_ws/install/multi_robot_launcher/share/multi_robot_launcher/environment/path.sh
-- Up-to-date: /home/ros/multi_robot_ws/install/multi_robot_launcher/share/multi_robot_launcher/environment/path.dsv
-- Up-to-date: /home/ros/multi_robot_ws/install/multi_robot_launcher/share/multi_robot_launcher/local_setup.bash
-- Up-to-date: /home/ros/multi_robot_ws/install/multi_robot_launcher/share/multi_robot_launcher/local_setup.sh
-- Up-to-date: /home/ros/multi_robot_ws/install/multi_robot_launcher/share/multi_robot_launcher/local_setup.zsh
-- Up-to-date: /home/ros/multi_robot_ws/install/multi_robot_launcher/share/multi_robot_launcher/local_setup.dsv
-- Up-to-date: /home/ros/multi_robot_ws/install/multi_robot_launcher/share/multi_robot_launcher/package.dsv
-- Up-to-date: /home/ros/multi_robot_ws/install/multi_robot_launcher/share/ament_index/resource_index/packages/multi_robot_launcher
-- Up-to-date: /home/ros/multi_robot_ws/install/multi_robot_launcher/share/multi_robot_launcher/cmake/multi_robot_launcherConfig.cmake
-- Up-to-date: /home/ros/multi_robot_ws/install/multi_robot_launcher/share/multi_robot_launcher/cmake/multi_robot_launcherConfig-version.cmake
-- Up-to-date: /home/ros/multi_robot_ws/install/multi_robot_launcher/share/multi_robot_launcher/package.xml
