[0.013s] Invoking command in '/home/ros/multi_robot_ws/build/multi_robot_launcher': CMAKE_PREFIX_PATH=${CMAKE_PREFIX_PATH}:/opt/ros/jazzy DEBUGINFOD_URLS=https://debuginfod.ubuntu.com /usr/bin/cmake /home/ros/multi_robot_ws/src/multi_robot_launcher -DCMAKE_INSTALL_PREFIX=/home/ros/multi_robot_ws/install/multi_robot_launcher
[0.030s] -- Found ament_cmake: 2.5.3 (/opt/ros/jazzy/share/ament_cmake/cmake)
[0.224s] -- Configuring done (0.2s)
[0.226s] -- Generating done (0.0s)
[0.227s] -- Build files have been written to: /home/ros/multi_robot_ws/build/multi_robot_launcher
[0.230s] Invoked command in '/home/ros/multi_robot_ws/build/multi_robot_launcher' returned '0': CMAKE_PREFIX_PATH=${CMAKE_PREFIX_PATH}:/opt/ros/jazzy DEBUGINFOD_URLS=https://debuginfod.ubuntu.com /usr/bin/cmake /home/ros/multi_robot_ws/src/multi_robot_launcher -DCMAKE_INSTALL_PREFIX=/home/ros/multi_robot_ws/install/multi_robot_launcher
[0.231s] Invoking command in '/home/ros/multi_robot_ws/build/multi_robot_launcher': CMAKE_PREFIX_PATH=${CMAKE_PREFIX_PATH}:/opt/ros/jazzy DEBUGINFOD_URLS=https://debuginfod.ubuntu.com /usr/bin/cmake --build /home/ros/multi_robot_ws/build/multi_robot_launcher -- -j4 -l4
[0.256s] Invoked command in '/home/ros/multi_robot_ws/build/multi_robot_launcher' returned '0': CMAKE_PREFIX_PATH=${CMAKE_PREFIX_PATH}:/opt/ros/jazzy DEBUGINFOD_URLS=https://debuginfod.ubuntu.com /usr/bin/cmake --build /home/ros/multi_robot_ws/build/multi_robot_launcher -- -j4 -l4
[0.262s] Invoking command in '/home/ros/multi_robot_ws/build/multi_robot_launcher': CMAKE_PREFIX_PATH=${CMAKE_PREFIX_PATH}:/opt/ros/jazzy DEBUGINFOD_URLS=https://debuginfod.ubuntu.com /usr/bin/cmake --install /home/ros/multi_robot_ws/build/multi_robot_launcher
[0.268s] -- Install configuration: ""
[0.268s] -- Installing: /home/ros/multi_robot_ws/install/multi_robot_launcher/share/multi_robot_launcher//launch
[0.268s] -- Installing: /home/ros/multi_robot_ws/install/multi_robot_launcher/share/multi_robot_launcher//launch/multi_robot_slam.launch.py
[0.268s] -- Installing: /home/ros/multi_robot_ws/install/multi_robot_launcher/share/ament_index/resource_index/package_run_dependencies/multi_robot_launcher
[0.268s] -- Installing: /home/ros/multi_robot_ws/install/multi_robot_launcher/share/ament_index/resource_index/parent_prefix_path/multi_robot_launcher
[0.269s] -- Installing: /home/ros/multi_robot_ws/install/multi_robot_launcher/share/multi_robot_launcher/environment/ament_prefix_path.sh
[0.269s] -- Installing: /home/ros/multi_robot_ws/install/multi_robot_launcher/share/multi_robot_launcher/environment/ament_prefix_path.dsv
[0.269s] -- Installing: /home/ros/multi_robot_ws/install/multi_robot_launcher/share/multi_robot_launcher/environment/path.sh
[0.269s] -- Installing: /home/ros/multi_robot_ws/install/multi_robot_launcher/share/multi_robot_launcher/environment/path.dsv
[0.269s] -- Installing: /home/ros/multi_robot_ws/install/multi_robot_launcher/share/multi_robot_launcher/local_setup.bash
[0.269s] -- Installing: /home/ros/multi_robot_ws/install/multi_robot_launcher/share/multi_robot_launcher/local_setup.sh
[0.269s] -- Installing: /home/ros/multi_robot_ws/install/multi_robot_launcher/share/multi_robot_launcher/local_setup.zsh
[0.269s] -- Installing: /home/ros/multi_robot_ws/install/multi_robot_launcher/share/multi_robot_launcher/local_setup.dsv
[0.269s] -- Installing: /home/ros/multi_robot_ws/install/multi_robot_launcher/share/multi_robot_launcher/package.dsv
[0.269s] -- Installing: /home/ros/multi_robot_ws/install/multi_robot_launcher/share/ament_index/resource_index/packages/multi_robot_launcher
[0.269s] -- Installing: /home/ros/multi_robot_ws/install/multi_robot_launcher/share/multi_robot_launcher/cmake/multi_robot_launcherConfig.cmake
[0.269s] -- Installing: /home/ros/multi_robot_ws/install/multi_robot_launcher/share/multi_robot_launcher/cmake/multi_robot_launcherConfig-version.cmake
[0.269s] -- Installing: /home/ros/multi_robot_ws/install/multi_robot_launcher/share/multi_robot_launcher/package.xml
[0.270s] Invoked command in '/home/ros/multi_robot_ws/build/multi_robot_launcher' returned '0': CMAKE_PREFIX_PATH=${CMAKE_PREFIX_PATH}:/opt/ros/jazzy DEBUGINFOD_URLS=https://debuginfod.ubuntu.com /usr/bin/cmake --install /home/ros/multi_robot_ws/build/multi_robot_launcher
